<?xml version="1.0" encoding="UTF-8"?>
<!-- Generated by org.testng.reporters.JUnitReportReporter -->
<testsuite hostname="Jeffins-MBP" failures="0" tests="1" name="testCases.Cart.TC_009_CART" time="4.734" errors="0" timestamp="2025-10-01T17:53:49 EDT" skipped="0">
  <testcase classname="testCases.Cart.TC_009_CART" name="testAddToCart_Macbook_ViewCartDetails" time="4.734"/>
</testsuite> <!-- testCases.Cart.TC_009_CART -->
