<?xml version="1.0" encoding="UTF-8"?>
<!-- Generated by org.testng.reporters.JUnitReportReporter -->
<testsuite hostname="Jeffins-MBP" failures="0" tests="1" name="testCases.RegisterPage.TC_013_REGISTER" time="2.695" errors="0" timestamp="2025-09-14T15:38:39 EDT" skipped="0">
  <testcase classname="testCases.RegisterPage.TC_013_REGISTER" name="testRegisterPage_DuplicateEmail" time="2.695"/>
</testsuite> <!-- testCases.RegisterPage.TC_013_REGISTER -->
