<?xml version="1.0" encoding="UTF-8"?>
<!-- Generated by org.testng.reporters.JUnitReportReporter -->
<testsuite hostname="Jeffins-MBP" failures="0" tests="1" name="testCases.Homepage.TC_003_HOMEPAGE" time="0.447" errors="0" timestamp="2025-09-10T11:58:34 EDT" skipped="0">
  <testcase classname="testCases.Homepage.TC_003_HOMEPAGE" name="testCurrencyDropDownElementVisibilityAndText_HeaderUI" time="0.447"/>
</testsuite> <!-- testCases.Homepage.TC_003_HOMEPAGE -->
