<?xml version="1.0" encoding="UTF-8"?>
<!-- Generated by org.testng.reporters.JUnitReportReporter -->
<testsuite hostname="Jeffins-MBP" failures="0" tests="3" name="testCases.Homepage.TC_017_HOMEPAGE" time="12.315" errors="0" timestamp="2025-09-22T20:47:00 EDT" skipped="0">
  <testcase classname="testCases.Homepage.TC_017_HOMEPAGE" name="testFeaturedAddToWishListButtonVisibility" time="4.099"/>
  <testcase classname="testCases.Homepage.TC_017_HOMEPAGE" name="testFeaturedAddToCartButtonVisibility" time="4.130"/>
  <testcase classname="testCases.Homepage.TC_017_HOMEPAGE" name="testFeaturedCompareThisProductButtonVisibility" time="4.086"/>
</testsuite> <!-- testCases.Homepage.TC_017_HOMEPAGE -->
