<?xml version="1.0" encoding="UTF-8"?>
<!-- Generated by org.testng.reporters.JUnitReportReporter -->
<testsuite hostname="Jeffins-MBP" failures="0" tests="2" name="testCases.Homepage.TC_020_HOMEPAGE" time="1.295" errors="0" timestamp="2025-09-10T11:58:34 EDT" skipped="0">
  <testcase classname="testCases.Homepage.TC_020_HOMEPAGE" name="testFooterHyperlinksVisibility" time="1.081"/>
  <testcase classname="testCases.Homepage.TC_020_HOMEPAGE" name="testFooterHyperlinksText" time="0.214"/>
</testsuite> <!-- testCases.Homepage.TC_020_HOMEPAGE -->
