<?xml version="1.0" encoding="UTF-8"?>
<!-- Generated by org.testng.reporters.JUnitReportReporter -->
<testsuite hostname="Jeffins-MBP" failures="0" tests="1" name="testCases.RegisterPage.TC_014_REGISTER" time="4.465" errors="0" timestamp="2025-09-15T10:38:05 EDT" skipped="0">
  <testcase classname="testCases.RegisterPage.TC_014_REGISTER" name="testRegisterPage_UnmatchingPasswords" time="4.465"/>
</testsuite> <!-- testCases.RegisterPage.TC_014_REGISTER -->
