<?xml version="1.0" encoding="UTF-8"?>
<!-- Generated by org.testng.reporters.JUnitReportReporter -->
<testsuite hostname="Jeffins-MBP" failures="0" tests="1" name="testCases.RegisterPage.TC_012_REGISTER" time="3.319" errors="0" timestamp="2025-09-22T20:52:08 EDT" skipped="0">
  <testcase classname="testCases.RegisterPage.TC_012_REGISTER" name="testRegisterPageForm_ValidData" time="3.319"/>
</testsuite> <!-- testCases.RegisterPage.TC_012_REGISTER -->
