<?xml version="1.0" encoding="UTF-8"?>
<!-- Generated by org.testng.reporters.JUnitReportReporter -->
<testsuite hostname="Jeffins-MBP" failures="0" tests="1" name="testCases.Cart.TC_CART_001" time="0.930" errors="0" timestamp="2025-09-23T17:05:59 EDT" skipped="0">
  <testcase classname="testCases.Cart.TC_CART_001" name="testAddToCart_Macbook_AddToCart_SuccessMessage" time="0.930"/>
</testsuite> <!-- testCases.Cart.TC_CART_001 -->
