<?xml version="1.0" encoding="UTF-8"?>
<!-- Generated by org.testng.reporters.JUnitReportReporter -->
<testsuite hostname="Jeffins-MBP" failures="0" tests="4" name="testCases.Homepage.TC_013_HOMEPAGE" time="1.534" errors="0" timestamp="2025-09-10T11:58:34 EDT" skipped="0">
  <testcase classname="testCases.Homepage.TC_013_HOMEPAGE" name="testNavDropdownLinksVisibility_Desktops_HeaderUI" time="0.254"/>
  <testcase classname="testCases.Homepage.TC_013_HOMEPAGE" name="testNavDropdownLinksVisibility_LaptopsNotebooks_HeaderUI" time="0.420"/>
  <testcase classname="testCases.Homepage.TC_013_HOMEPAGE" name="testNavDropdownLinksVisibility_Components_HeaderUI" time="0.366"/>
  <testcase classname="testCases.Homepage.TC_013_HOMEPAGE" name="testNavDropdownLinksVisibility_MP3Players_HeaderUI" time="0.494"/>
</testsuite> <!-- testCases.Homepage.TC_013_HOMEPAGE -->
