<?xml version="1.0" encoding="UTF-8"?>
<!-- Generated by org.testng.reporters.JUnitReportReporter -->
<testsuite hostname="Jeffins-MBP" failures="0" tests="2" name="testCases.TC_020_HOMEPAGE" time="1.371" errors="0" timestamp="2025-07-13T15:25:08 EDT" skipped="0">
  <testcase classname="testCases.TC_020_HOMEPAGE" name="testFooterHyperlinksText" time="0.279"/>
  <testcase classname="testCases.TC_020_HOMEPAGE" name="testFooterHyperlinksVisibility" time="1.092"/>
</testsuite> <!-- testCases.TC_020_HOMEPAGE -->
