<?xml version="1.0" encoding="UTF-8"?>
<!-- Generated by org.testng.reporters.JUnitReportReporter -->
<testsuite hostname="Jeffins-MBP" failures="0" tests="1" name="testCases.TC_012_HOMEPAGE" time="0.337" errors="0" timestamp="2025-06-30T13:45:02 EDT" skipped="0">
  <testcase classname="testCases.TC_012_HOMEPAGE" name="testNavLinksText" time="0.337"/>
</testsuite> <!-- testCases.TC_012_HOMEPAGE -->
