<?xml version="1.0" encoding="UTF-8"?>
<!-- Generated by org.testng.reporters.JUnitReportReporter -->
<testsuite hostname="Jeffins-MBP" failures="0" tests="1" name="testCases.TC_001_HOMEPAGE" time="0.102" errors="0" timestamp="2025-09-04T14:01:07 EDT" skipped="0">
  <testcase classname="testCases.TC_001_HOMEPAGE" name="testPageURLTitle" time="0.102"/>
</testsuite> <!-- testCases.TC_001_HOMEPAGE -->
