<?xml version="1.0" encoding="UTF-8"?>
<!-- Generated by org.testng.reporters.JUnitReportReporter -->
<testsuite hostname="Jeffins-MBP" failures="0" tests="1" name="testCases.TC_004_HOMEPAGE" time="0.212" errors="0" timestamp="2025-06-26T17:46:33 EDT" skipped="0">
  <testcase classname="testCases.TC_004_HOMEPAGE" name="testPhoneElement_HeaderUI" time="0.212"/>
</testsuite> <!-- testCases.TC_004_HOMEPAGE -->
