<?xml version="1.0" encoding="UTF-8"?>
<!-- Generated by org.testng.reporters.JUnitReportReporter -->
<testsuite hostname="Jeffins-MBP" failures="0" tests="4" name="testCases.TC_013_HOMEPAGE" time="1.192" errors="0" timestamp="2025-06-30T13:45:15 EDT" skipped="0">
  <testcase classname="testCases.TC_013_HOMEPAGE" name="testNavDropdownLinks_Desktops_HeaderUI" time="0.446"/>
  <testcase classname="testCases.TC_013_HOMEPAGE" name="testNavDropdownLinks_LaptopsNotebooks_HeaderUI" time="0.219"/>
  <testcase classname="testCases.TC_013_HOMEPAGE" name="testNavDropdownLinks_Components_HeaderUI" time="0.201"/>
  <testcase classname="testCases.TC_013_HOMEPAGE" name="testNavDropdownLinks_MP3Players_HeaderUI" time="0.326"/>
</testsuite> <!-- testCases.TC_013_HOMEPAGE -->
