<?xml version="1.0" encoding="UTF-8"?>
<!-- Generated by org.testng.reporters.JUnitReportReporter -->
<testsuite hostname="Jeffins-MBP" failures="0" tests="1" name="testCases.TC_002_HOMEPAGE" time="0.194" errors="0" timestamp="2025-06-26T17:45:34 EDT" skipped="0">
  <testcase classname="testCases.TC_002_HOMEPAGE" name="testLogo" time="0.194"/>
</testsuite> <!-- testCases.TC_002_HOMEPAGE -->
