<?xml version="1.0" encoding="UTF-8"?>
<!-- Generated by org.testng.reporters.JUnitReportReporter -->
<testsuite hostname="Jeffins-MBP" failures="0" tests="6" name="testCases.TC_023_HOMEPAGE" time="20.902" errors="0" timestamp="2025-07-17T13:41:24 EDT" skipped="0">
  <testcase classname="testCases.TC_023_HOMEPAGE" name="testComponentsMenuPageRedirection_MiceTrackballs" time="3.553"/>
  <testcase classname="testCases.TC_023_HOMEPAGE" name="testComponentsMenuPageRedirection_Monitors" time="3.470"/>
  <testcase classname="testCases.TC_023_HOMEPAGE" name="testComponentsMenuPageRedirection_Printers" time="3.432"/>
  <testcase classname="testCases.TC_023_HOMEPAGE" name="testComponentsMenuPageRedirection_Scanners" time="3.591"/>
  <testcase classname="testCases.TC_023_HOMEPAGE" name="testComponentsMenuPageRedirection_WebCameras" time="3.462"/>
  <testcase classname="testCases.TC_023_HOMEPAGE" name="testComponentsMenuPageRedirection_Components" time="3.394"/>
</testsuite> <!-- testCases.TC_023_HOMEPAGE -->
