<?xml version="1.0" encoding="UTF-8"?>
<!-- Generated by org.testng.reporters.JUnitReportReporter -->
<testsuite hostname="Jeffins-MBP" failures="0" tests="2" name="testCases.TC_020_HOMEPAGE" time="1.345" errors="0" timestamp="2025-07-13T15:12:43 EDT" skipped="0">
  <testcase classname="testCases.TC_020_HOMEPAGE" name="testFooterHyperlinkVisibility" time="1.172"/>
  <testcase classname="testCases.TC_020_HOMEPAGE" name="testFooterHyperlinksText" time="0.173"/>
</testsuite> <!-- testCases.TC_020_HOMEPAGE -->
