<?xml version="1.0" encoding="UTF-8"?>
<!-- Generated by org.testng.reporters.JUnitReportReporter -->
<testsuite hostname="Jeffins-MBP" failures="0" tests="1" name="testCases.RegisterPage.TC_015_REGISTER" time="2.832" errors="0" timestamp="2025-09-15T16:16:33 EDT" skipped="0">
  <testcase classname="testCases.RegisterPage.TC_015_REGISTER" name="testRegisterPageForm_ExceedCharLimit_FirstName" time="2.832"/>
</testsuite> <!-- testCases.RegisterPage.TC_015_REGISTER -->
