<?xml version="1.0" encoding="UTF-8"?>
<!-- Generated by org.testng.reporters.JUnitReportReporter -->
<testsuite hostname="Jeffins-MBP" failures="0" tests="1" name="testCases.Cart.TC_004_CART" time="3.586" errors="0" timestamp="2025-09-30T18:58:27 EDT" skipped="0">
  <testcase classname="testCases.Cart.TC_004_CART" name="testAddToCart_iPhone_AddToCart_QuantityAndPrice" time="3.586"/>
</testsuite> <!-- testCases.Cart.TC_004_CART -->
