<?xml version="1.0" encoding="UTF-8"?>
<!-- Generated by org.testng.reporters.JUnitReportReporter -->
<testsuite hostname="Jeffins-MBP" failures="0" tests="2" name="testCases.TC_019_HOMEPAGE" time="1.266" errors="0" timestamp="2025-07-13T15:13:17 EDT" skipped="0">
  <testcase classname="testCases.TC_019_HOMEPAGE" name="testFooterHeadingsText" time="0.172"/>
  <testcase classname="testCases.TC_019_HOMEPAGE" name="testFooterHeadingsVisibility" time="1.094"/>
</testsuite> <!-- testCases.TC_019_HOMEPAGE -->
