<?xml version="1.0" encoding="UTF-8"?>
<!-- Generated by org.testng.reporters.JUnitReportReporter -->
<testsuite hostname="Jeffins-MBP" failures="0" tests="1" name="testCases.RegisterPage.TC_001_REGISTER" time="1.455" errors="0" timestamp="2025-09-22T13:58:58 EDT" skipped="0">
  <testcase classname="testCases.RegisterPage.TC_001_REGISTER" name="testRegisterPageURL" time="1.455"/>
</testsuite> <!-- testCases.RegisterPage.TC_001_REGISTER -->
