<?xml version="1.0" encoding="UTF-8"?>
<!-- Generated by org.testng.reporters.JUnitReportReporter -->
<testsuite hostname="Jeffins-MBP" failures="0" tests="1" name="testCases.TC_008_HOMEPAGE" time="0.230" errors="0" timestamp="2025-06-26T17:47:34 EDT" skipped="0">
  <testcase classname="testCases.TC_008_HOMEPAGE" name="testCheckoutElement_HeaderUI" time="0.230"/>
</testsuite> <!-- testCases.TC_008_HOMEPAGE -->
