<?xml version="1.0" encoding="UTF-8"?>
<!-- Generated by org.testng.reporters.JUnitReportReporter -->
<testsuite hostname="Jeffins-MBP" failures="0" tests="1" name="testCases.TC_015_HOMEPAGE" time="0.175" errors="0" timestamp="2025-07-01T14:34:00 EDT" skipped="0">
  <testcase classname="testCases.TC_015_HOMEPAGE" name="testFeaturedHeadingVisibilityAndText" time="0.175"/>
</testsuite> <!-- testCases.TC_015_HOMEPAGE -->
