<?xml version="1.0" encoding="UTF-8"?>
<!-- Generated by org.testng.reporters.JUnitReportReporter -->
<testsuite hostname="Jeffins-MBP" failures="0" tests="1" name="testCases.RegisterPage.TC_019_REGISTER" time="3.797" errors="0" timestamp="2025-09-21T11:32:58 EDT" skipped="0">
  <testcase classname="testCases.RegisterPage.TC_019_REGISTER" name="testRegisterPageForm_BelowCharRqmnt_Password" time="3.797"/>
</testsuite> <!-- testCases.RegisterPage.TC_019_REGISTER -->
