<?xml version="1.0" encoding="UTF-8"?>
<!-- Generated by org.testng.reporters.JUnitReportReporter -->
<testsuite hostname="Jeffins-MBP" failures="0" tests="3" name="testCases.Homepage.TC_022_HOMEPAGE" time="10.409" errors="0" timestamp="2025-09-22T20:47:00 EDT" skipped="0">
  <testcase classname="testCases.Homepage.TC_022_HOMEPAGE" name="testLaptopsNotebooksMenuPageRedirection_Macs" time="3.452"/>
  <testcase classname="testCases.Homepage.TC_022_HOMEPAGE" name="testLaptopsNotebooksMenuPageRedirection_Windows" time="3.383"/>
  <testcase classname="testCases.Homepage.TC_022_HOMEPAGE" name="testLaptopsNotebooksMenuPageRedirection_LaptopsNotebooks" time="3.574"/>
</testsuite> <!-- testCases.Homepage.TC_022_HOMEPAGE -->
