<?xml version="1.0" encoding="UTF-8"?>
<!-- Generated by org.testng.reporters.JUnitReportReporter -->
<testsuite hostname="Jeffins-MBP" failures="0" tests="1" name="testCases.TC_011_HOMEPAGE" time="0.154" errors="0" timestamp="2025-06-30T13:44:50 EDT" skipped="0">
  <testcase classname="testCases.TC_011_HOMEPAGE" name="testShoppingCartButtonLabelText_NoItems_Header_UI" time="0.154"/>
</testsuite> <!-- testCases.TC_011_HOMEPAGE -->
