<?xml version="1.0" encoding="UTF-8"?>
<!-- Generated by org.testng.reporters.JUnitReportReporter -->
<testsuite hostname="Jeffins-MBP" failures="0" tests="2" name="testCases.TC_019_HOMEPAGE" time="1.382" errors="0" timestamp="2025-07-13T15:24:44 EDT" skipped="0">
  <testcase classname="testCases.TC_019_HOMEPAGE" name="testFooterHeadingsVisibility" time="1.124"/>
  <testcase classname="testCases.TC_019_HOMEPAGE" name="testFooterHeadingsText" time="0.258"/>
</testsuite> <!-- testCases.TC_019_HOMEPAGE -->
