<?xml version="1.0" encoding="UTF-8"?>
<!-- Generated by org.testng.reporters.JUnitReportReporter -->
<testsuite hostname="Jeffins-MBP" failures="0" tests="3" name="testCases.TC_016_HOMEPAGE" time="0.413" errors="0" timestamp="2025-07-01T15:51:42 EDT" skipped="0">
  <testcase classname="testCases.TC_016_HOMEPAGE" name="testFeaturedSectionElements_Images_URL" time="0.067"/>
  <testcase classname="testCases.TC_016_HOMEPAGE" name="testFeaturedSectionElements_Images_Title" time="0.128"/>
  <testcase classname="testCases.TC_016_HOMEPAGE" name="testFeaturedSectionElementsVisibility_Images" time="0.218"/>
</testsuite> <!-- testCases.TC_016_HOMEPAGE -->
