<?xml version="1.0" encoding="UTF-8"?>
<!-- Generated by org.testng.reporters.JUnitReportReporter -->
<testsuite hostname="Jeffins-MBP" failures="0" tests="1" name="testCases.Cart.TC_CART_005" time="2.146" errors="0" timestamp="2025-09-23T17:05:59 EDT" skipped="0">
  <testcase classname="testCases.Cart.TC_CART_005" name="testAddToCart_Macbook_RemoveFromCart_QuantityAndPrice" time="2.146"/>
</testsuite> <!-- testCases.Cart.TC_CART_005 -->
