<?xml version="1.0" encoding="UTF-8"?>
<!-- Generated by org.testng.reporters.JUnitReportReporter -->
<testsuite hostname="Jeffins-MBP" failures="0" tests="3" name="testCases.TC_022_HOMEPAGE" time="12.027" errors="0" timestamp="2025-07-15T17:17:51 EDT" skipped="0">
  <testcase classname="testCases.TC_022_HOMEPAGE" name="testLaptopsNotebooksMenuPageRedirection_Macs" time="5.170"/>
  <testcase classname="testCases.TC_022_HOMEPAGE" name="testLaptopsNotebooksMenuPageRedirection_Windows" time="3.431"/>
  <testcase classname="testCases.TC_022_HOMEPAGE" name="testLaptopsNotebooksMenuPageRedirection_LaptopsNotebooks" time="3.426"/>
</testsuite> <!-- testCases.TC_022_HOMEPAGE -->
