<?xml version="1.0" encoding="UTF-8"?>
<!-- Generated by org.testng.reporters.JUnitReportReporter -->
<testsuite hostname="Jeffins-MBP" failures="0" tests="1" name="testCases.Homepage.TC_008_HOMEPAGE" time="0.155" errors="0" timestamp="2025-09-22T20:47:00 EDT" skipped="0">
  <testcase classname="testCases.Homepage.TC_008_HOMEPAGE" name="testCheckoutElementVisibilityAndText_HeaderUI" time="0.155"/>
</testsuite> <!-- testCases.Homepage.TC_008_HOMEPAGE -->
