<?xml version="1.0" encoding="UTF-8"?>
<!-- Generated by org.testng.reporters.JUnitReportReporter -->
<testsuite hostname="Jeffins-MBP" failures="0" tests="7" name="testCases.Homepage.TC_016_HOMEPAGE" time="0.419" errors="0" timestamp="2025-09-22T20:47:00 EDT" skipped="0">
  <testcase classname="testCases.Homepage.TC_016_HOMEPAGE" name="testFeaturedSectionElements_Images_Price" time="0.074"/>
  <testcase classname="testCases.Homepage.TC_016_HOMEPAGE" name="testFeaturedSectionElements_Images_Caption" time="0.092"/>
  <testcase classname="testCases.Homepage.TC_016_HOMEPAGE" name="testFeaturedSectionElements_Images_TaxPrice" time="0.054"/>
  <testcase classname="testCases.Homepage.TC_016_HOMEPAGE" name="testFeaturedSectionElements_Images_OldPrice" time="0.044"/>
  <testcase classname="testCases.Homepage.TC_016_HOMEPAGE" name="testFeaturedSectionElements_Images_Title" time="0.033"/>
  <testcase classname="testCases.Homepage.TC_016_HOMEPAGE" name="testFeaturedSectionElementsVisibility_Images" time="0.080"/>
  <testcase classname="testCases.Homepage.TC_016_HOMEPAGE" name="testFeaturedSectionElements_Images_URL" time="0.042"/>
</testsuite> <!-- testCases.Homepage.TC_016_HOMEPAGE -->
