<?xml version="1.0" encoding="UTF-8"?>
<!-- Generated by org.testng.reporters.JUnitReportReporter -->
<testsuite hostname="Jeffins-MBP" failures="0" tests="1" name="testCases.LoginPage.TC_003_LOGIN" time="2.377" errors="0" timestamp="2025-10-02T16:27:26 EDT" skipped="0">
  <testcase classname="testCases.LoginPage.TC_003_LOGIN" name="test" time="2.377"/>
</testsuite> <!-- testCases.LoginPage.TC_003_LOGIN -->
