<?xml version="1.0" encoding="UTF-8"?>
<!-- Generated by org.testng.reporters.JUnitReportReporter -->
<testsuite hostname="Jeffins-MBP" failures="0" tests="1" name="testCases.TC_003_REGISTER" time="2.016" errors="0" timestamp="2025-09-09T14:07:10 EDT" skipped="0">
  <testcase classname="testCases.TC_003_REGISTER" name="testRegisterPageForm_NoData_NoAgree" time="2.016"/>
</testsuite> <!-- testCases.TC_003_REGISTER -->
