<?xml version="1.0" encoding="UTF-8"?>
<!-- Generated by org.testng.reporters.JUnitReportReporter -->
<testsuite hostname="Jeffins-MBP" failures="0" tests="1" name="testCases.RegisterPage.TC_019_REGISTER" time="6.481" errors="0" timestamp="2025-09-16T16:10:06 EDT" skipped="0">
  <testcase classname="testCases.RegisterPage.TC_019_REGISTER" name="testRegisterPageForm_BelowCharRqmnt_Password" time="6.481"/>
</testsuite> <!-- testCases.RegisterPage.TC_019_REGISTER -->
