<?xml version="1.0" encoding="UTF-8"?>
<!-- Generated by org.testng.reporters.JUnitReportReporter -->
<testsuite hostname="Jeffins-MBP" failures="0" tests="1" name="testCases.TC_009_HOMEPAGE" time="0.206" errors="0" timestamp="2025-06-30T13:44:26 EDT" skipped="0">
  <testcase classname="testCases.TC_009_HOMEPAGE" name="testSearchBar_HeaderUI" time="0.206"/>
</testsuite> <!-- testCases.TC_009_HOMEPAGE -->
