<?xml version="1.0" encoding="UTF-8"?>
<!-- Generated by org.testng.reporters.JUnitReportReporter -->
<testsuite hostname="Jeffins-MBP" failures="0" tests="3" name="testCases.TC_017_HOMEPAGE" time="12.443" errors="0" timestamp="2025-07-09T15:01:44 EDT" skipped="0">
  <testcase classname="testCases.TC_017_HOMEPAGE" name="testFeaturedCompareThisProductButtonVisibility" time="4.108"/>
  <testcase classname="testCases.TC_017_HOMEPAGE" name="testFeaturedAddToWishListButtonVisibility" time="4.118"/>
  <testcase classname="testCases.TC_017_HOMEPAGE" name="testFeaturedAddToCartButtonVisibility" time="4.217"/>
</testsuite> <!-- testCases.TC_017_HOMEPAGE -->
