<?xml version="1.0" encoding="UTF-8"?>
<!-- Generated by org.testng.reporters.JUnitReportReporter -->
<testsuite hostname="Jeffins-MBP" failures="0" tests="1" name="testCases.LoginPage.TC_001_LOGIN" time="2.324" errors="0" timestamp="2025-09-17T14:06:25 EDT" skipped="0">
  <testcase classname="testCases.LoginPage.TC_001_LOGIN" name="testLogin_EmptyData" time="2.324"/>
</testsuite> <!-- testCases.LoginPage.TC_001_LOGIN -->
