<?xml version="1.0" encoding="UTF-8"?>
<!-- Generated by org.testng.reporters.JUnitReportReporter -->
<testsuite hostname="Jeffins-MBP" failures="0" tests="1" name="testCases.TC_003_HOMEPAGE" time="0.515" errors="0" timestamp="2025-06-26T17:45:47 EDT" skipped="0">
  <testcase classname="testCases.TC_003_HOMEPAGE" name="testCurrencyDropDownElement_HeaderUI" time="0.515"/>
</testsuite> <!-- testCases.TC_003_HOMEPAGE -->
