<?xml version="1.0" encoding="UTF-8"?>
<!-- Generated by org.testng.reporters.JUnitReportReporter -->
<testsuite hostname="Jeffins-MBP" failures="0" tests="2" name="testCases.RegisterPage.TC_001_REGISTER" time="1.534" errors="0" timestamp="2025-09-10T12:07:31 EDT" skipped="0">
  <testcase classname="testCases.RegisterPage.TC_001_REGISTER" name="testRegisterPageTitle" time="1.186"/>
  <testcase classname="testCases.RegisterPage.TC_001_REGISTER" name="testRegisterPageURL" time="0.348"/>
</testsuite> <!-- testCases.RegisterPage.TC_001_REGISTER -->
