<?xml version="1.0" encoding="UTF-8"?>
<!-- Generated by org.testng.reporters.JUnitReportReporter -->
<testsuite hostname="Jeffins-MBP" failures="0" tests="3" name="testCases.TC_021_HOMEPAGE" time="10.756" errors="0" timestamp="2025-07-14T15:24:46 EDT" skipped="0">
  <testcase classname="testCases.TC_021_HOMEPAGE" name="testDesktopsMenuPageRedirection_PC" time="3.664"/>
  <testcase classname="testCases.TC_021_HOMEPAGE" name="testDesktopsMenuPageRedirection_Mac" time="3.569"/>
  <testcase classname="testCases.TC_021_HOMEPAGE" name="testDesktopsMenuPageRedirection_Desktops" time="3.523"/>
</testsuite> <!-- testCases.TC_021_HOMEPAGE -->
