<?xml version="1.0" encoding="UTF-8"?>
<!-- Generated by org.testng.reporters.JUnitReportReporter -->
<testsuite hostname="Jeffins-MBP" failures="0" tests="7" name="testCases.Homepage.TC_016_HOMEPAGE" time="0.400" errors="0" timestamp="2025-09-10T11:58:34 EDT" skipped="0">
  <testcase classname="testCases.Homepage.TC_016_HOMEPAGE" name="testFeaturedSectionElements_Images_Title" time="0.037"/>
  <testcase classname="testCases.Homepage.TC_016_HOMEPAGE" name="testFeaturedSectionElements_Images_TaxPrice" time="0.054"/>
  <testcase classname="testCases.Homepage.TC_016_HOMEPAGE" name="testFeaturedSectionElementsVisibility_Images" time="0.083"/>
  <testcase classname="testCases.Homepage.TC_016_HOMEPAGE" name="testFeaturedSectionElements_Images_Caption" time="0.073"/>
  <testcase classname="testCases.Homepage.TC_016_HOMEPAGE" name="testFeaturedSectionElements_Images_OldPrice" time="0.041"/>
  <testcase classname="testCases.Homepage.TC_016_HOMEPAGE" name="testFeaturedSectionElements_Images_Price" time="0.057"/>
  <testcase classname="testCases.Homepage.TC_016_HOMEPAGE" name="testFeaturedSectionElements_Images_URL" time="0.055"/>
</testsuite> <!-- testCases.Homepage.TC_016_HOMEPAGE -->
