<?xml version="1.0" encoding="UTF-8"?>
<!-- Generated by org.testng.reporters.JUnitReportReporter -->
<testsuite hostname="Jeffins-MBP" failures="0" tests="1" name="testCases.TC_006_REGISTER" time="2.168" errors="0" timestamp="2025-09-09T14:09:13 EDT" skipped="0">
  <testcase classname="testCases.TC_006_REGISTER" name="testRegisterPageForm_NoData_Agree_SubscriptionYes" time="2.168"/>
</testsuite> <!-- testCases.TC_006_REGISTER -->
