<?xml version="1.0" encoding="UTF-8"?>
<!-- Generated by org.testng.reporters.JUnitReportReporter -->
<testsuite hostname="Jeffins-MBP" failures="0" tests="4" name="testCases.Homepage.TC_013_HOMEPAGE" time="0.962" errors="0" timestamp="2025-09-22T20:47:00 EDT" skipped="0">
  <testcase classname="testCases.Homepage.TC_013_HOMEPAGE" name="testNavDropdownLinksVisibility_Desktops_HeaderUI" time="0.273"/>
  <testcase classname="testCases.Homepage.TC_013_HOMEPAGE" name="testNavDropdownLinksVisibility_LaptopsNotebooks_HeaderUI" time="0.189"/>
  <testcase classname="testCases.Homepage.TC_013_HOMEPAGE" name="testNavDropdownLinksVisibility_Components_HeaderUI" time="0.191"/>
  <testcase classname="testCases.Homepage.TC_013_HOMEPAGE" name="testNavDropdownLinksVisibility_MP3Players_HeaderUI" time="0.309"/>
</testsuite> <!-- testCases.Homepage.TC_013_HOMEPAGE -->
