<?xml version="1.0" encoding="UTF-8"?>
<!-- Generated by org.testng.reporters.JUnitReportReporter -->
<testsuite hostname="Jeffins-MBP" failures="0" tests="1" name="testCases.TC_004_REGISTER" time="2.321" errors="0" timestamp="2025-09-09T14:07:30 EDT" skipped="0">
  <testcase classname="testCases.TC_004_REGISTER" name="testRegisterPageForm_NoData_Agree" time="2.321"/>
</testsuite> <!-- testCases.TC_004_REGISTER -->
