<?xml version="1.0" encoding="UTF-8"?>
<!-- Generated by org.testng.reporters.JUnitReportReporter -->
<testsuite hostname="Jeffins-MBP" failures="0" tests="1" name="testCases.Cart.TC_005_CART" time="1.749" errors="0" timestamp="2025-09-30T18:58:27 EDT" skipped="0">
  <testcase classname="testCases.Cart.TC_005_CART" name="testAddToCart_Macbook_RemoveFromCart_QuantityAndPrice" time="1.749"/>
</testsuite> <!-- testCases.Cart.TC_005_CART -->
