<?xml version="1.0" encoding="UTF-8"?>
<!-- Generated by org.testng.reporters.JUnitReportReporter -->
<testsuite hostname="Jeffins-MBP" failures="0" tests="1" name="testCases.TC_007_HOMEPAGE" time="0.208" errors="0" timestamp="2025-06-26T17:47:17 EDT" skipped="0">
  <testcase classname="testCases.TC_007_HOMEPAGE" name="testShoppingCartElement_HeaderUI" time="0.208"/>
</testsuite> <!-- testCases.TC_007_HOMEPAGE -->
