<?xml version="1.0" encoding="UTF-8"?>
<!-- Generated by org.testng.reporters.JUnitReportReporter -->
<testsuite hostname="Jeffins-MBP" failures="0" tests="1" name="testCases.TC_002_REGISTER" time="1.179" errors="0" timestamp="2025-09-09T14:06:54 EDT" skipped="0">
  <testcase classname="testCases.TC_002_REGISTER" name="testRegisterPageHeading" time="1.179"/>
</testsuite> <!-- testCases.TC_002_REGISTER -->
