<?xml version="1.0" encoding="UTF-8"?>
<!-- Generated by org.testng.reporters.JUnitReportReporter -->
<testsuite hostname="Jeffins-MBP" failures="0" tests="3" name="testCases.Homepage.TC_017_HOMEPAGE" time="12.371" errors="0" timestamp="2025-09-10T11:58:34 EDT" skipped="0">
  <testcase classname="testCases.Homepage.TC_017_HOMEPAGE" name="testFeaturedAddToCartButtonVisibility" time="4.133"/>
  <testcase classname="testCases.Homepage.TC_017_HOMEPAGE" name="testFeaturedAddToWishListButtonVisibility" time="4.156"/>
  <testcase classname="testCases.Homepage.TC_017_HOMEPAGE" name="testFeaturedCompareThisProductButtonVisibility" time="4.082"/>
</testsuite> <!-- testCases.Homepage.TC_017_HOMEPAGE -->
