<?xml version="1.0" encoding="UTF-8"?>
<!-- Generated by org.testng.reporters.JUnitReportReporter -->
<testsuite hostname="Jeffins-MBP" failures="0" tests="1" name="testCases.TC_014_HOMEPAGE" time="2.084" errors="0" timestamp="2025-07-01T14:15:32 EDT" skipped="0">
  <testcase classname="testCases.TC_014_HOMEPAGE" name="testImageGalleryPictures_MacBookAir" time="2.084"/>
</testsuite> <!-- testCases.TC_014_HOMEPAGE -->
