<?xml version="1.0" encoding="UTF-8"?>
<!-- Generated by org.testng.reporters.JUnitReportReporter -->
<testsuite hostname="Jeffins-MBP" failures="0" tests="1" name="testCases.Homepage.TC_002_HOMEPAGE" time="0.143" errors="0" timestamp="2025-09-10T11:58:34 EDT" skipped="0">
  <testcase classname="testCases.Homepage.TC_002_HOMEPAGE" name="testLogoVisibilityAndText" time="0.143"/>
</testsuite> <!-- testCases.Homepage.TC_002_HOMEPAGE -->
