<?xml version="1.0" encoding="UTF-8"?>
<!-- Generated by org.testng.reporters.JUnitReportReporter -->
<testsuite hostname="Jeffins-MBP" failures="0" tests="1" name="testCases.Cart.TC_011_CART" time="7.851" errors="0" timestamp="2025-10-01T17:57:04 EDT" skipped="0">
  <testcase classname="testCases.Cart.TC_011_CART" name="testAddToCart_MacBookiPhone_ViewCartDetails" time="7.851"/>
</testsuite> <!-- testCases.Cart.TC_011_CART -->
