<?xml version="1.0" encoding="UTF-8"?>
<!-- Generated by org.testng.reporters.JUnitReportReporter -->
<testsuite hostname="Jeffins-MBP" failures="0" tests="1" name="testCases.TC_012_REGISTER" time="3.242" errors="0" timestamp="2025-09-09T21:17:43 EDT" skipped="0">
  <testcase classname="testCases.TC_012_REGISTER" name="testRegisterPage_ValidData" time="3.242"/>
</testsuite> <!-- testCases.TC_012_REGISTER -->
