<?xml version="1.0" encoding="UTF-8"?>
<!-- Generated by org.testng.reporters.JUnitReportReporter -->
<testsuite hostname="Jeffins-MBP" failures="0" tests="1" name="testCases.LoginPage.TC_002_LOGIN" time="2.642" errors="0" timestamp="2025-10-02T17:56:21 EDT" skipped="0">
  <testcase classname="testCases.LoginPage.TC_002_LOGIN" name="testLogin_NoAccountMessage" time="2.642"/>
</testsuite> <!-- testCases.LoginPage.TC_002_LOGIN -->
