<?xml version="1.0" encoding="UTF-8"?>
<!-- Generated by org.testng.reporters.JUnitReportReporter -->
<testsuite hostname="Jeffins-MBP" failures="0" tests="3" name="testCases.Homepage.TC_021_HOMEPAGE" time="10.472" errors="0" timestamp="2025-09-10T11:58:34 EDT" skipped="0">
  <testcase classname="testCases.Homepage.TC_021_HOMEPAGE" name="testDesktopsMenuPageRedirection_PC" time="3.456"/>
  <testcase classname="testCases.Homepage.TC_021_HOMEPAGE" name="testDesktopsMenuPageRedirection_Mac" time="3.588"/>
  <testcase classname="testCases.Homepage.TC_021_HOMEPAGE" name="testDesktopsMenuPageRedirection_Desktops" time="3.428"/>
</testsuite> <!-- testCases.Homepage.TC_021_HOMEPAGE -->
