<?xml version="1.0" encoding="UTF-8"?>
<!-- Generated by org.testng.reporters.JUnitReportReporter -->
<testsuite hostname="Jeffins-MBP" failures="0" tests="2" name="testCases.TC_001_REGISTER" time="1.525" errors="0" timestamp="2025-09-09T14:06:35 EDT" skipped="0">
  <testcase classname="testCases.TC_001_REGISTER" name="testRegisterPageURL" time="0.375"/>
  <testcase classname="testCases.TC_001_REGISTER" name="testRegisterPageTitle" time="1.150"/>
</testsuite> <!-- testCases.TC_001_REGISTER -->
