<?xml version="1.0" encoding="UTF-8"?>
<!-- Generated by org.testng.reporters.JUnitReportReporter -->
<testsuite hostname="Jeffins-MBP" failures="0" tests="1" name="testCases.TC_018_HOMEPAGE" time="61.346" errors="0" timestamp="2025-07-13T14:16:04 EDT" skipped="0">
  <testcase classname="testCases.TC_018_HOMEPAGE" name="testCompanyLogosVisibility" time="61.346"/>
</testsuite> <!-- testCases.TC_018_HOMEPAGE -->
