<?xml version="1.0" encoding="UTF-8"?>
<!-- Generated by org.testng.reporters.JUnitReportReporter -->
<testsuite hostname="Jeffins-MBP" failures="0" tests="1" name="testCases.Homepage.TC_011_HOMEPAGE" time="0.054" errors="0" timestamp="2025-09-22T20:47:00 EDT" skipped="0">
  <testcase classname="testCases.Homepage.TC_011_HOMEPAGE" name="testShoppingCartButtonLabelTextVisibility_NoItems_Header_UI" time="0.054"/>
</testsuite> <!-- testCases.Homepage.TC_011_HOMEPAGE -->
