<?xml version="1.0" encoding="UTF-8"?>
<!-- Generated by org.testng.reporters.JUnitReportReporter -->
<testsuite hostname="Jeffins-MBP" failures="0" tests="2" name="testCases.Homepage.TC_019_HOMEPAGE" time="1.171" errors="0" timestamp="2025-09-22T20:47:00 EDT" skipped="0">
  <testcase classname="testCases.Homepage.TC_019_HOMEPAGE" name="testFooterHeadingsVisibility" time="1.075"/>
  <testcase classname="testCases.Homepage.TC_019_HOMEPAGE" name="testFooterHeadingsText" time="0.096"/>
</testsuite> <!-- testCases.Homepage.TC_019_HOMEPAGE -->
