<?xml version="1.0" encoding="UTF-8"?>
<!-- Generated by org.testng.reporters.JUnitReportReporter -->
<testsuite hostname="Jeffins-MBP" failures="0" tests="3" name="testCases.Homepage.TC_022_HOMEPAGE" time="10.226" errors="0" timestamp="2025-09-10T11:58:34 EDT" skipped="0">
  <testcase classname="testCases.Homepage.TC_022_HOMEPAGE" name="testLaptopsNotebooksMenuPageRedirection_Macs" time="3.455"/>
  <testcase classname="testCases.Homepage.TC_022_HOMEPAGE" name="testLaptopsNotebooksMenuPageRedirection_Windows" time="3.382"/>
  <testcase classname="testCases.Homepage.TC_022_HOMEPAGE" name="testLaptopsNotebooksMenuPageRedirection_LaptopsNotebooks" time="3.389"/>
</testsuite> <!-- testCases.Homepage.TC_022_HOMEPAGE -->
