<?xml version="1.0" encoding="UTF-8"?>
<!-- Generated by org.testng.reporters.JUnitReportReporter -->
<testsuite hostname="Jeffins-MBP" failures="0" tests="6" name="testCases.Homepage.TC_023_HOMEPAGE" time="20.604" errors="0" timestamp="2025-09-22T20:47:00 EDT" skipped="0">
  <testcase classname="testCases.Homepage.TC_023_HOMEPAGE" name="testComponentsMenuPageRedirection_MiceTrackballs" time="3.436"/>
  <testcase classname="testCases.Homepage.TC_023_HOMEPAGE" name="testComponentsMenuPageRedirection_Monitors" time="3.394"/>
  <testcase classname="testCases.Homepage.TC_023_HOMEPAGE" name="testComponentsMenuPageRedirection_Printers" time="3.579"/>
  <testcase classname="testCases.Homepage.TC_023_HOMEPAGE" name="testComponentsMenuPageRedirection_Scanners" time="3.410"/>
  <testcase classname="testCases.Homepage.TC_023_HOMEPAGE" name="testComponentsMenuPageRedirection_WebCameras" time="3.390"/>
  <testcase classname="testCases.Homepage.TC_023_HOMEPAGE" name="testComponentsMenuPageRedirection_Components" time="3.395"/>
</testsuite> <!-- testCases.Homepage.TC_023_HOMEPAGE -->
