<?xml version="1.0" encoding="UTF-8"?>
<!-- Generated by org.testng.reporters.JUnitReportReporter -->
<testsuite hostname="Jeffins-MBP" failures="0" tests="1" name="testCases.RegisterPage.TC_018_REGISTER" time="2.749" errors="0" timestamp="2025-09-16T16:09:39 EDT" skipped="0">
  <testcase classname="testCases.RegisterPage.TC_018_REGISTER" name="testRegisterForm_ExceedCharLimit_Phone" time="2.749"/>
</testsuite> <!-- testCases.RegisterPage.TC_018_REGISTER -->
