<?xml version="1.0" encoding="UTF-8"?>
<!-- Generated by org.testng.reporters.JUnitReportReporter -->
<testsuite hostname="Jeffins-MBP" failures="0" tests="6" name="testCases.Homepage.TC_023_HOMEPAGE" time="20.883" errors="0" timestamp="2025-09-10T11:58:34 EDT" skipped="0">
  <testcase classname="testCases.Homepage.TC_023_HOMEPAGE" name="testComponentsMenuPageRedirection_MiceTrackballs" time="3.462"/>
  <testcase classname="testCases.Homepage.TC_023_HOMEPAGE" name="testComponentsMenuPageRedirection_Monitors" time="3.458"/>
  <testcase classname="testCases.Homepage.TC_023_HOMEPAGE" name="testComponentsMenuPageRedirection_Printers" time="3.704"/>
  <testcase classname="testCases.Homepage.TC_023_HOMEPAGE" name="testComponentsMenuPageRedirection_Scanners" time="3.433"/>
  <testcase classname="testCases.Homepage.TC_023_HOMEPAGE" name="testComponentsMenuPageRedirection_WebCameras" time="3.422"/>
  <testcase classname="testCases.Homepage.TC_023_HOMEPAGE" name="testComponentsMenuPageRedirection_Components" time="3.404"/>
</testsuite> <!-- testCases.Homepage.TC_023_HOMEPAGE -->
