<?xml version="1.0" encoding="UTF-8"?>
<!-- Generated by org.testng.reporters.JUnitReportReporter -->
<testsuite hostname="Jeffins-MBP" failures="0" tests="7" name="testCases.TC_016_HOMEPAGE" time="0.527" errors="0" timestamp="2025-07-06T17:33:56 EDT" skipped="0">
  <testcase classname="testCases.TC_016_HOMEPAGE" name="testFeaturedSectionElements_Images_Title" time="0.050"/>
  <testcase classname="testCases.TC_016_HOMEPAGE" name="testFeaturedSectionElements_Images_URL" time="0.050"/>
  <testcase classname="testCases.TC_016_HOMEPAGE" name="testFeaturedSectionElements_Images_TaxPrice" time="0.066"/>
  <testcase classname="testCases.TC_016_HOMEPAGE" name="testFeaturedSectionElementsVisibility_Images" time="0.154"/>
  <testcase classname="testCases.TC_016_HOMEPAGE" name="testFeaturedSectionElements_Images_Price" time="0.067"/>
  <testcase classname="testCases.TC_016_HOMEPAGE" name="testFeaturedSectionElements_Images_Caption" time="0.091"/>
  <testcase classname="testCases.TC_016_HOMEPAGE" name="testFeaturedSectionElements_Images_OldPrice" time="0.049"/>
</testsuite> <!-- testCases.TC_016_HOMEPAGE -->
