<?xml version="1.0" encoding="UTF-8"?>
<!-- Generated by org.testng.reporters.JUnitReportReporter -->
<testsuite hostname="Jeffins-MBP" failures="0" tests="1" name="testCases.Homepage.TC_015_HOMEPAGE" time="0.099" errors="0" timestamp="2025-09-22T14:14:49 EDT" skipped="0">
  <testcase classname="testCases.Homepage.TC_015_HOMEPAGE" name="testFeaturedHeadingVisibilityAndText" time="0.099"/>
</testsuite> <!-- testCases.Homepage.TC_015_HOMEPAGE -->
