<?xml version="1.0" encoding="UTF-8"?>
<!-- Generated by org.testng.reporters.JUnitReportReporter -->
<testsuite hostname="Jeffins-MBP" failures="0" tests="1" name="testCases.Homepage.TC_006_HOMEPAGE" time="0.162" errors="0" timestamp="2025-09-22T14:14:49 EDT" skipped="0">
  <testcase classname="testCases.Homepage.TC_006_HOMEPAGE" name="testWishListElementVisibiityAndText_HeaderUI" time="0.162"/>
</testsuite> <!-- testCases.Homepage.TC_006_HOMEPAGE -->
