<?xml version="1.0" encoding="UTF-8"?>
<!-- Generated by org.testng.reporters.JUnitReportReporter -->
<testsuite hostname="Jeffins-MBP" failures="0" tests="1" name="testCases.RegisterPage.TC_005_REGISTER" time="2.219" errors="0" timestamp="2025-09-22T14:14:49 EDT" skipped="0">
  <testcase classname="testCases.RegisterPage.TC_005_REGISTER" name="testRegisterPageForm_NoData_NoAgree_SubscriptionYes" time="2.219"/>
</testsuite> <!-- testCases.RegisterPage.TC_005_REGISTER -->
