<?xml version="1.0" encoding="UTF-8"?>
<!-- Generated by org.testng.reporters.JUnitReportReporter -->
<testsuite hostname="Jeffins-MBP" failures="0" tests="6" name="testCases.Homepage.TC_023_HOMEPAGE" time="22.089" errors="0" timestamp="2025-09-22T14:14:49 EDT" skipped="0">
  <testcase classname="testCases.Homepage.TC_023_HOMEPAGE" name="testComponentsMenuPageRedirection_MiceTrackballs" time="4.951"/>
  <testcase classname="testCases.Homepage.TC_023_HOMEPAGE" name="testComponentsMenuPageRedirection_Monitors" time="3.384"/>
  <testcase classname="testCases.Homepage.TC_023_HOMEPAGE" name="testComponentsMenuPageRedirection_Printers" time="3.393"/>
  <testcase classname="testCases.Homepage.TC_023_HOMEPAGE" name="testComponentsMenuPageRedirection_Scanners" time="3.403"/>
  <testcase classname="testCases.Homepage.TC_023_HOMEPAGE" name="testComponentsMenuPageRedirection_WebCameras" time="3.542"/>
  <testcase classname="testCases.Homepage.TC_023_HOMEPAGE" name="testComponentsMenuPageRedirection_Components" time="3.416"/>
</testsuite> <!-- testCases.Homepage.TC_023_HOMEPAGE -->
