<?xml version="1.0" encoding="UTF-8"?>
<!-- Generated by org.testng.reporters.JUnitReportReporter -->
<testsuite hostname="Jeffins-MBP" failures="0" tests="2" name="testCases.RegisterPage.TC_001_REGISTER" time="1.547" errors="0" timestamp="2025-09-22T14:14:49 EDT" skipped="0">
  <testcase classname="testCases.RegisterPage.TC_001_REGISTER" name="testRegisterPageURL" time="0.414"/>
  <testcase classname="testCases.RegisterPage.TC_001_REGISTER" name="testRegisterPageTitle" time="1.133"/>
</testsuite> <!-- testCases.RegisterPage.TC_001_REGISTER -->
