<?xml version="1.0" encoding="UTF-8"?>
<!-- Generated by org.testng.reporters.JUnitReportReporter -->
<testsuite hostname="Jeffins-MBP" failures="0" tests="1" name="testCases.LoginPage.TC_003_LOGIN" time="1.098" errors="0" timestamp="2025-10-02T17:04:30 EDT" skipped="0">
  <testcase classname="testCases.LoginPage.TC_003_LOGIN" name="test" time="1.098"/>
</testsuite> <!-- testCases.LoginPage.TC_003_LOGIN -->
