<?xml version="1.0" encoding="UTF-8"?>
<!-- Generated by org.testng.reporters.JUnitReportReporter -->
<testsuite hostname="Jeffins-MBP" failures="0" tests="2" name="testCases.Homepage.TC_020_HOMEPAGE" time="1.256" errors="0" timestamp="2025-09-22T14:14:49 EDT" skipped="0">
  <testcase classname="testCases.Homepage.TC_020_HOMEPAGE" name="testFooterHyperlinksVisibility" time="1.063"/>
  <testcase classname="testCases.Homepage.TC_020_HOMEPAGE" name="testFooterHyperlinksText" time="0.193"/>
</testsuite> <!-- testCases.Homepage.TC_020_HOMEPAGE -->
