<?xml version="1.0" encoding="UTF-8"?>
<!-- Generated by org.testng.reporters.JUnitReportReporter -->
<testsuite hostname="Jeffins-MBP" failures="0" tests="3" name="testCases.Homepage.TC_021_HOMEPAGE" time="10.407" errors="0" timestamp="2025-09-22T14:14:49 EDT" skipped="0">
  <testcase classname="testCases.Homepage.TC_021_HOMEPAGE" name="testDesktopsMenuPageRedirection_PC" time="3.526"/>
  <testcase classname="testCases.Homepage.TC_021_HOMEPAGE" name="testDesktopsMenuPageRedirection_Mac" time="3.450"/>
  <testcase classname="testCases.Homepage.TC_021_HOMEPAGE" name="testDesktopsMenuPageRedirection_Desktops" time="3.431"/>
</testsuite> <!-- testCases.Homepage.TC_021_HOMEPAGE -->
