<?xml version="1.0" encoding="UTF-8"?>
<!-- Generated by org.testng.reporters.JUnitReportReporter -->
<testsuite hostname="Jeffins-MBP" failures="0" tests="1" name="testCases.Cart.TC_006_CART" time="1.967" errors="0" timestamp="2025-10-02T19:55:29 EDT" skipped="0">
  <testcase classname="testCases.Cart.TC_006_CART" name="testAddToCart_iPhone_RemoveFromCart_QuantityAndPrice" time="1.967"/>
</testsuite> <!-- testCases.Cart.TC_006_CART -->
