<?xml version="1.0" encoding="UTF-8"?>
<!-- Generated by org.testng.reporters.JUnitReportReporter -->
<testsuite hostname="Jeffins-MBP" failures="0" tests="1" name="testCases.Cart.TC_010_CART" time="4.696" errors="0" timestamp="2025-10-02T19:55:29 EDT" skipped="0">
  <testcase classname="testCases.Cart.TC_010_CART" name="testAddToCart_iPhone_ViewCartDetails" time="4.696"/>
</testsuite> <!-- testCases.Cart.TC_010_CART -->
