<?xml version="1.0" encoding="UTF-8"?>
<!-- Generated by org.testng.reporters.JUnitReportReporter -->
<testsuite hostname="Jeffins-MBP" failures="0" tests="1" name="testCases.RegisterPage.TC_003_REGISTER" time="1.908" errors="0" timestamp="2025-09-22T14:14:49 EDT" skipped="0">
  <testcase classname="testCases.RegisterPage.TC_003_REGISTER" name="testRegisterPageForm_NoData_NoAgree" time="1.908"/>
</testsuite> <!-- testCases.RegisterPage.TC_003_REGISTER -->
