<?xml version="1.0" encoding="UTF-8"?>
<!-- Generated by org.testng.reporters.JUnitReportReporter -->
<testsuite hostname="Jeffins-MBP" failures="0" tests="1" name="testCases.Homepage.TC_010_HOMEPAGE" time="0.044" errors="0" timestamp="2025-09-22T14:14:49 EDT" skipped="0">
  <testcase classname="testCases.Homepage.TC_010_HOMEPAGE" name="testSearchBarPlaceholderTextVisibility_HeaderUI" time="0.044"/>
</testsuite> <!-- testCases.Homepage.TC_010_HOMEPAGE -->
