<?xml version="1.0" encoding="UTF-8"?>
<!-- Generated by org.testng.reporters.JUnitReportReporter -->
<testsuite hostname="Jeffins-MBP" failures="0" tests="1" name="testCases.LoginPage.TC_001_LOGIN" time="2.356" errors="0" timestamp="2025-10-02T18:08:13 EDT" skipped="0">
  <testcase classname="testCases.LoginPage.TC_001_LOGIN" name="testLogin_EmptyData" time="2.356"/>
</testsuite> <!-- testCases.LoginPage.TC_001_LOGIN -->
