<?xml version="1.0" encoding="UTF-8"?>
<!-- Generated by org.testng.reporters.JUnitReportReporter -->
<testsuite hostname="Jeffins-MBP" failures="0" tests="1" name="testCases.Cart.TC_001_CART" time="0.871" errors="0" timestamp="2025-10-02T19:55:29 EDT" skipped="0">
  <testcase classname="testCases.Cart.TC_001_CART" name="testAddToCart_Macbook_AddToCart_SuccessMessage" time="0.871"/>
</testsuite> <!-- testCases.Cart.TC_001_CART -->
