<?xml version="1.0" encoding="UTF-8"?>
<!-- Generated by org.testng.reporters.JUnitReportReporter -->
<testsuite hostname="Jeffins-MBP" failures="0" tests="3" name="testCases.Homepage.TC_022_HOMEPAGE" time="10.433" errors="0" timestamp="2025-09-22T14:14:49 EDT" skipped="0">
  <testcase classname="testCases.Homepage.TC_022_HOMEPAGE" name="testLaptopsNotebooksMenuPageRedirection_Macs" time="3.480"/>
  <testcase classname="testCases.Homepage.TC_022_HOMEPAGE" name="testLaptopsNotebooksMenuPageRedirection_Windows" time="3.471"/>
  <testcase classname="testCases.Homepage.TC_022_HOMEPAGE" name="testLaptopsNotebooksMenuPageRedirection_LaptopsNotebooks" time="3.482"/>
</testsuite> <!-- testCases.Homepage.TC_022_HOMEPAGE -->
